[2021-11-19 15:37:58Z INFO HostContext] No proxy settings were found based on environmental variables (http_proxy/https_proxy/HTTP_PROXY/HTTPS_PROXY)
[2021-11-19 15:37:58Z INFO HostContext] Well known directory 'Bin': 'D:\GitHub\freepoll\actions-runner\bin'
[2021-11-19 15:37:58Z INFO HostContext] Well known directory 'Root': 'D:\GitHub\freepoll\actions-runner'
[2021-11-19 15:37:58Z INFO HostContext] Well known config file 'Credentials': 'D:\GitHub\freepoll\actions-runner\.credentials'
[2021-11-19 15:37:58Z INFO Listener] Runner is built for Windows (X64) - win-x64.
[2021-11-19 15:37:58Z INFO Listener] RuntimeInformation: Microsoft Windows 10.0.21996.
[2021-11-19 15:37:58Z INFO Listener] Version: 2.284.0
[2021-11-19 15:37:58Z INFO Listener] Commit: 9027c154d05776c16f6df6c0345bc9ec20440ebe
[2021-11-19 15:37:58Z INFO Listener] Culture: en-IN
[2021-11-19 15:37:58Z INFO Listener] UI Culture: en-US
[2021-11-19 15:37:58Z INFO HostContext] Well known directory 'Bin': 'D:\GitHub\freepoll\actions-runner\bin'
[2021-11-19 15:37:58Z INFO HostContext] Well known directory 'Root': 'D:\GitHub\freepoll\actions-runner'
[2021-11-19 15:37:58Z INFO Listener] Validating directory permissions for: 'D:\GitHub\freepoll\actions-runner'
[2021-11-19 15:37:58Z INFO CommandLineParser] Parse
[2021-11-19 15:37:58Z INFO CommandLineParser] Parsing 5 args
[2021-11-19 15:37:58Z INFO CommandLineParser] parsing argument
[2021-11-19 15:37:58Z INFO CommandLineParser] HasArgs: False
[2021-11-19 15:37:58Z INFO CommandLineParser] Adding Command: configure
[2021-11-19 15:37:58Z INFO CommandLineParser] parsing argument
[2021-11-19 15:37:58Z INFO CommandLineParser] HasArgs: True
[2021-11-19 15:37:58Z INFO CommandLineParser] arg: url
[2021-11-19 15:37:58Z INFO CommandLineParser] parsing argument
[2021-11-19 15:37:58Z INFO CommandLineParser] HasArgs: True
[2021-11-19 15:37:58Z INFO CommandLineParser] Adding option 'url': 'https://github.com/ballavamsi/freepoll'
[2021-11-19 15:37:58Z INFO CommandLineParser] parsing argument
[2021-11-19 15:37:58Z INFO CommandLineParser] HasArgs: True
[2021-11-19 15:37:58Z INFO CommandLineParser] arg: token
[2021-11-19 15:37:58Z INFO CommandLineParser] parsing argument
[2021-11-19 15:37:58Z INFO CommandLineParser] HasArgs: True
[2021-11-19 15:37:58Z INFO CommandLineParser] Adding option 'token': '***'
[2021-11-19 15:37:58Z INFO Listener] Arguments parsed
[2021-11-19 15:37:58Z INFO Runner] ExecuteCommand
[2021-11-19 15:37:58Z INFO ConfigurationStore] currentAssemblyLocation: D:\GitHub\freepoll\actions-runner\bin\Runner.Listener.dll
[2021-11-19 15:37:58Z INFO HostContext] Well known directory 'Bin': 'D:\GitHub\freepoll\actions-runner\bin'
[2021-11-19 15:37:58Z INFO ConfigurationStore] binPath: D:\GitHub\freepoll\actions-runner\bin
[2021-11-19 15:37:58Z INFO HostContext] Well known directory 'Bin': 'D:\GitHub\freepoll\actions-runner\bin'
[2021-11-19 15:37:58Z INFO HostContext] Well known directory 'Root': 'D:\GitHub\freepoll\actions-runner'
[2021-11-19 15:37:58Z INFO ConfigurationStore] RootFolder: D:\GitHub\freepoll\actions-runner
[2021-11-19 15:37:58Z INFO HostContext] Well known directory 'Bin': 'D:\GitHub\freepoll\actions-runner\bin'
[2021-11-19 15:37:58Z INFO HostContext] Well known directory 'Root': 'D:\GitHub\freepoll\actions-runner'
[2021-11-19 15:37:58Z INFO HostContext] Well known config file 'Runner': 'D:\GitHub\freepoll\actions-runner\.runner'
[2021-11-19 15:37:58Z INFO ConfigurationStore] ConfigFilePath: D:\GitHub\freepoll\actions-runner\.runner
[2021-11-19 15:37:58Z INFO HostContext] Well known directory 'Bin': 'D:\GitHub\freepoll\actions-runner\bin'
[2021-11-19 15:37:58Z INFO HostContext] Well known directory 'Root': 'D:\GitHub\freepoll\actions-runner'
[2021-11-19 15:37:58Z INFO HostContext] Well known config file 'Credentials': 'D:\GitHub\freepoll\actions-runner\.credentials'
[2021-11-19 15:37:58Z INFO ConfigurationStore] CredFilePath: D:\GitHub\freepoll\actions-runner\.credentials
[2021-11-19 15:37:58Z INFO HostContext] Well known directory 'Bin': 'D:\GitHub\freepoll\actions-runner\bin'
[2021-11-19 15:37:58Z INFO HostContext] Well known directory 'Root': 'D:\GitHub\freepoll\actions-runner'
[2021-11-19 15:37:58Z INFO HostContext] Well known config file 'MigratedCredentials': 'D:\GitHub\freepoll\actions-runner\.credentials_migrated'
[2021-11-19 15:37:58Z INFO ConfigurationStore] MigratedCredFilePath: D:\GitHub\freepoll\actions-runner\.credentials_migrated
[2021-11-19 15:37:58Z INFO HostContext] Well known directory 'Bin': 'D:\GitHub\freepoll\actions-runner\bin'
[2021-11-19 15:37:58Z INFO HostContext] Well known directory 'Root': 'D:\GitHub\freepoll\actions-runner'
[2021-11-19 15:37:58Z INFO HostContext] Well known config file 'Service': 'D:\GitHub\freepoll\actions-runner\.service'
[2021-11-19 15:37:58Z INFO ConfigurationStore] ServiceConfigFilePath: D:\GitHub\freepoll\actions-runner\.service
[2021-11-19 15:37:58Z INFO CommandSettings] Flag 'help': 'False'
[2021-11-19 15:37:58Z INFO CommandSettings] Flag 'version': 'False'
[2021-11-19 15:37:58Z INFO CommandSettings] Flag 'commit': 'False'
[2021-11-19 15:37:58Z INFO CommandSettings] Flag 'check': 'False'
[2021-11-19 15:37:58Z INFO CommandSettings] Command 'configure': 'True'
[2021-11-19 15:37:58Z INFO Terminal] WRITE LINE: 
[2021-11-19 15:37:58Z INFO Terminal] WRITE LINE: --------------------------------------------------------------------------------
[2021-11-19 15:37:58Z INFO Terminal] WRITE LINE: |        ____ _ _   _   _       _          _        _   _                      |
[2021-11-19 15:37:58Z INFO Terminal] WRITE LINE: |       / ___(_) |_| | | |_   _| |__      / \   ___| |_(_) ___  _ __  ___      |
[2021-11-19 15:37:58Z INFO Terminal] WRITE LINE: |      | |  _| | __| |_| | | | | '_ \    / _ \ / __| __| |/ _ \| '_ \/ __|     |
[2021-11-19 15:37:58Z INFO Terminal] WRITE LINE: |      | |_| | | |_|  _  | |_| | |_) |  / ___ \ (__| |_| | (_) | | | \__ \     |
[2021-11-19 15:37:58Z INFO Terminal] WRITE LINE: |       \____|_|\__|_| |_|\__,_|_.__/  /_/   \_\___|\__|_|\___/|_| |_|___/     |
[2021-11-19 15:37:58Z INFO Terminal] WRITE LINE: |                                                                              |
[2021-11-19 15:37:58Z INFO Terminal] WRITE: |                       
[2021-11-19 15:37:58Z INFO Terminal] WRITE: Self-hosted runner registration
[2021-11-19 15:37:58Z INFO Terminal] WRITE LINE:                         |
[2021-11-19 15:37:58Z INFO Terminal] WRITE LINE: |                                                                              |
[2021-11-19 15:37:58Z INFO Terminal] WRITE LINE: --------------------------------------------------------------------------------
[2021-11-19 15:37:58Z INFO ConfigurationManager] ConfigureAsync
[2021-11-19 15:37:58Z INFO ConfigurationStore] IsConfigured()
[2021-11-19 15:37:58Z INFO ConfigurationStore] IsConfigured: False
[2021-11-19 15:37:58Z INFO ConfigurationManager] Is configured: False
[2021-11-19 15:37:58Z INFO CommandSettings] Arg 'url': 'https://github.com/ballavamsi/freepoll'
[2021-11-19 15:37:58Z INFO CommandSettings] Remove url from Arg dictionary.
[2021-11-19 15:37:58Z INFO CommandSettings] Arg 'token': '***'
[2021-11-19 15:37:58Z INFO CommandSettings] Remove token from Arg dictionary.
[2021-11-19 15:38:00Z INFO ConfigurationManager] Http response code: OK from 'POST https://api.github.com/actions/runner-registration'
[2021-11-19 15:38:00Z INFO ConfigurationManager] cred retrieved via GitHub auth
[2021-11-19 15:38:00Z INFO RunnerServer] Establish connection with 100 seconds timeout.
[2021-11-19 15:38:00Z INFO GitHubActionsService] Starting operation Location.GetConnectionData
[2021-11-19 15:38:00Z INFO RunnerServer] Establish connection with 60 seconds timeout.
[2021-11-19 15:38:00Z INFO GitHubActionsService] Starting operation Location.GetConnectionData
[2021-11-19 15:38:00Z INFO RunnerServer] Establish connection with 60 seconds timeout.
[2021-11-19 15:38:00Z INFO GitHubActionsService] Starting operation Location.GetConnectionData
[2021-11-19 15:38:01Z INFO GitHubActionsService] Finished operation Location.GetConnectionData
[2021-11-19 15:38:01Z INFO GitHubActionsService] Finished operation Location.GetConnectionData
[2021-11-19 15:38:01Z INFO GitHubActionsService] Finished operation Location.GetConnectionData
[2021-11-19 15:38:01Z INFO Terminal] WRITE LINE: 
[2021-11-19 15:38:01Z INFO ConfigurationManager] Test Connection complete.
[2021-11-19 15:38:01Z INFO HostContext] Well known directory 'Bin': 'D:\GitHub\freepoll\actions-runner\bin'
[2021-11-19 15:38:01Z INFO HostContext] Well known directory 'Root': 'D:\GitHub\freepoll\actions-runner'
[2021-11-19 15:38:01Z INFO HostContext] Well known config file 'RSACredentials': 'D:\GitHub\freepoll\actions-runner\.credentials_rsaparams'
[2021-11-19 15:38:01Z INFO RSAEncryptedFileKeyManager] Creating new RSA key using 2048-bit key length
[2021-11-19 15:38:02Z INFO RSAEncryptedFileKeyManager] Successfully saved RSA key parameters to file D:\GitHub\freepoll\actions-runner\.credentials_rsaparams
[2021-11-19 15:38:02Z INFO CommandSettings] Arg 'runnergroup': ''
[2021-11-19 15:38:02Z INFO CommandSettings] Flag 'unattended': 'False'
[2021-11-19 15:38:02Z INFO PromptManager] ReadValue
[2021-11-19 15:38:02Z INFO Terminal] WRITE: Enter the name of the runner group to add this runner to: 
[2021-11-19 15:38:02Z INFO Terminal] WRITE: [press Enter for Default] 
[2021-11-19 15:38:02Z INFO Terminal] READ LINE
[2021-11-19 15:38:09Z INFO Terminal] Read value: ''
[2021-11-19 15:38:09Z INFO PromptManager] Falling back to the default: 'Default'
[2021-11-19 15:38:09Z INFO Terminal] WRITE LINE: 
[2021-11-19 15:38:09Z INFO ConfigurationManager] Found a self-hosted runner group with id 1 and name Default
[2021-11-19 15:38:09Z INFO CommandSettings] Flag 'ephemeral': 'False'
[2021-11-19 15:38:09Z INFO CommandSettings] Arg 'name': ''
[2021-11-19 15:38:09Z INFO CommandSettings] Flag 'unattended': 'False'
[2021-11-19 15:38:09Z INFO PromptManager] ReadValue
[2021-11-19 15:38:09Z INFO Terminal] WRITE: Enter the name of runner: 
[2021-11-19 15:38:09Z INFO Terminal] WRITE: [press Enter for VAMSI-PC] 
[2021-11-19 15:38:09Z INFO Terminal] READ LINE
[2021-11-19 15:38:12Z INFO Terminal] Read value: ''
[2021-11-19 15:38:12Z INFO PromptManager] Falling back to the default: 'VAMSI-PC'
[2021-11-19 15:38:12Z INFO Terminal] WRITE LINE: 
[2021-11-19 15:38:12Z INFO CommandSettings] Arg 'labels': ''
[2021-11-19 15:38:12Z INFO CommandSettings] Flag 'unattended': 'False'
[2021-11-19 15:38:12Z INFO PromptManager] ReadValue
[2021-11-19 15:38:12Z INFO Terminal] WRITE: This runner will have the following labels: 'self-hosted', 'Windows', 'X64' 
Enter any additional labels (ex. label-1,label-2): 
[2021-11-19 15:38:12Z INFO Terminal] WRITE: [press Enter to skip] 
[2021-11-19 15:38:12Z INFO Terminal] READ LINE
[2021-11-19 15:38:14Z INFO Terminal] Read value: ''
[2021-11-19 15:38:14Z INFO Terminal] WRITE LINE: 
[2021-11-19 15:38:14Z INFO ConfigurationStore] Saving OAuth credential @ D:\GitHub\freepoll\actions-runner\.credentials
[2021-11-19 15:38:14Z INFO ConfigurationStore] Credentials Saved.
[2021-11-19 15:38:14Z INFO ConfigurationStore] HasCredentials()
[2021-11-19 15:38:14Z INFO ConfigurationStore] stored True
[2021-11-19 15:38:14Z INFO CredentialManager] GetCredentialProvider
[2021-11-19 15:38:14Z INFO CredentialManager] Creating type OAuth
[2021-11-19 15:38:14Z INFO CredentialManager] Creating credential type: OAuth
[2021-11-19 15:38:14Z INFO RSAEncryptedFileKeyManager] Loading RSA key parameters from file D:\GitHub\freepoll\actions-runner\.credentials_rsaparams
[2021-11-19 15:38:14Z INFO RunnerServer] Establish connection with 100 seconds timeout.
[2021-11-19 15:38:14Z INFO GitHubActionsService] Starting operation Location.GetConnectionData
[2021-11-19 15:38:14Z INFO RunnerServer] Establish connection with 60 seconds timeout.
[2021-11-19 15:38:14Z INFO GitHubActionsService] Starting operation Location.GetConnectionData
[2021-11-19 15:38:14Z INFO RunnerServer] Establish connection with 60 seconds timeout.
[2021-11-19 15:38:14Z INFO GitHubActionsService] Starting operation Location.GetConnectionData
[2021-11-19 15:38:15Z INFO GitHubActionsService] Finished operation Location.GetConnectionData
[2021-11-19 15:38:15Z INFO GitHubActionsService] Finished operation Location.GetConnectionData
[2021-11-19 15:38:15Z INFO GitHubActionsService] Finished operation Location.GetConnectionData
[2021-11-19 15:38:16Z WARN GitHubActionsService] Authentication failed with status code 401.
WWW-Authenticate: Bearer
Strict-Transport-Security: max-age=2592000
X-TFS-ProcessId: aa07fc6f-7278-4185-ac63-4d1cd966b5e5
ActivityId: ad4da27a-58f3-4c8c-894f-633eeea885b9
X-TFS-Session: 026e1857-733f-491f-88df-057ee0a90f77
X-VSS-E2EID: 546fda37-1e5f-4d6b-9b97-7bd75e6d03ef
X-VSS-SenderDeploymentId: 13a19993-c6bc-326c-afb4-32c5519f46f0
X-TFS-ServiceError: The+user+%27System%3aPublicAccess%3baaaaaaaa-aaaa-aaaa-aaaa-aaaaaaaaaaaa%27+is+not+authorized+to+access+this+resource.
X-VSS-S2STargetService: 0000005A-0000-8888-8000-000000000000/visualstudio.com
X-Cache: CONFIG_NOCACHE
X-MSEdge-Ref: Ref A: ED7D34F823564BE0BBCD3FF88EFAAF0D Ref B: MAA01EDGE0616 Ref C: 2021-11-19T15:38:16Z
Date: Fri, 19 Nov 2021 15:38:16 GMT

[2021-11-19 15:38:16Z INFO RSAEncryptedFileKeyManager] Loading RSA key parameters from file D:\GitHub\freepoll\actions-runner\.credentials_rsaparams
[2021-11-19 15:38:16Z INFO RSAEncryptedFileKeyManager] Loading RSA key parameters from file D:\GitHub\freepoll\actions-runner\.credentials_rsaparams
[2021-11-19 15:38:17Z INFO GitHubActionsService] AAD Correlation ID for this token request: Unknown
[2021-11-19 15:38:17Z INFO CommandSettings] Arg 'work': ''
[2021-11-19 15:38:17Z INFO CommandSettings] Flag 'unattended': 'False'
[2021-11-19 15:38:17Z INFO PromptManager] ReadValue
[2021-11-19 15:38:17Z INFO Terminal] WRITE: Enter name of work folder: 
[2021-11-19 15:38:17Z INFO Terminal] WRITE: [press Enter for _work] 
[2021-11-19 15:38:17Z INFO Terminal] READ LINE
[2021-11-19 15:38:25Z INFO Terminal] Read value: ''
[2021-11-19 15:38:25Z INFO PromptManager] Falling back to the default: '_work'
[2021-11-19 15:38:25Z INFO ConfigurationStore] Saving runner settings.
[2021-11-19 15:38:25Z INFO ConfigurationStore] Settings Saved.
[2021-11-19 15:38:25Z INFO Terminal] WRITE LINE: 
[2021-11-19 15:38:25Z INFO Terminal] WRITE LINE: 
[2021-11-19 15:38:25Z INFO CommandSettings] Flag 'runasservice': 'False'
[2021-11-19 15:38:25Z INFO CommandSettings] Flag 'unattended': 'False'
[2021-11-19 15:38:25Z INFO PromptManager] ReadValue
[2021-11-19 15:38:25Z INFO Terminal] WRITE: Would you like to run the runner as service? (Y/N) 
[2021-11-19 15:38:25Z INFO Terminal] WRITE: [press Enter for N] 
[2021-11-19 15:38:25Z INFO Terminal] READ LINE
[2021-11-19 15:38:27Z INFO Terminal] Read value: 'Y'
[2021-11-19 15:38:27Z INFO ConfigurationManager] Configuring to run the agent as service
[2021-11-19 15:38:27Z ERR  WindowsServiceControlManager] Needs Administrator privileges for configure runner as windows service.
[2021-11-19 15:38:27Z ERR  Runner] System.Security.SecurityException: Needs Administrator privileges for configuring runner as windows service.
   at GitHub.Runner.Listener.Configuration.WindowsServiceControlManager.ConfigureService(RunnerSettings settings, CommandSettings command)
   at GitHub.Runner.Listener.Configuration.ConfigurationManager.ConfigureAsync(CommandSettings command)
   at GitHub.Runner.Listener.Runner.ExecuteCommand(CommandSettings command)
[2021-11-19 15:38:27Z ERR  Terminal] WRITE ERROR: Needs Administrator privileges for configuring runner as windows service.
[2021-11-19 15:38:27Z INFO Listener] Runner execution has finished with return code 1
