[2021-11-19 15:38:54Z INFO HostContext] No proxy settings were found based on environmental variables (http_proxy/https_proxy/HTTP_PROXY/HTTPS_PROXY)
[2021-11-19 15:38:54Z INFO HostContext] Well known directory 'Bin': 'D:\GitHub\freepoll\actions-runner\bin'
[2021-11-19 15:38:54Z INFO HostContext] Well known directory 'Root': 'D:\GitHub\freepoll\actions-runner'
[2021-11-19 15:38:54Z INFO HostContext] Well known config file 'Credentials': 'D:\GitHub\freepoll\actions-runner\.credentials'
[2021-11-19 15:38:54Z INFO Listener] Runner is built for Windows (X64) - win-x64.
[2021-11-19 15:38:54Z INFO Listener] RuntimeInformation: Microsoft Windows 10.0.21996.
[2021-11-19 15:38:54Z INFO Listener] Version: 2.284.0
[2021-11-19 15:38:54Z INFO Listener] Commit: 9027c154d05776c16f6df6c0345bc9ec20440ebe
[2021-11-19 15:38:54Z INFO Listener] Culture: en-IN
[2021-11-19 15:38:54Z INFO Listener] UI Culture: en-US
[2021-11-19 15:38:54Z INFO HostContext] Well known directory 'Bin': 'D:\GitHub\freepoll\actions-runner\bin'
[2021-11-19 15:38:54Z INFO HostContext] Well known directory 'Root': 'D:\GitHub\freepoll\actions-runner'
[2021-11-19 15:38:54Z INFO Listener] Validating directory permissions for: 'D:\GitHub\freepoll\actions-runner'
[2021-11-19 15:38:54Z INFO CommandLineParser] Parse
[2021-11-19 15:38:54Z INFO CommandLineParser] Parsing 5 args
[2021-11-19 15:38:54Z INFO CommandLineParser] parsing argument
[2021-11-19 15:38:54Z INFO CommandLineParser] HasArgs: False
[2021-11-19 15:38:54Z INFO CommandLineParser] Adding Command: configure
[2021-11-19 15:38:54Z INFO CommandLineParser] parsing argument
[2021-11-19 15:38:54Z INFO CommandLineParser] HasArgs: True
[2021-11-19 15:38:54Z INFO CommandLineParser] arg: url
[2021-11-19 15:38:54Z INFO CommandLineParser] parsing argument
[2021-11-19 15:38:54Z INFO CommandLineParser] HasArgs: True
[2021-11-19 15:38:54Z INFO CommandLineParser] Adding option 'url': 'https://github.com/ballavamsi/freepoll'
[2021-11-19 15:38:54Z INFO CommandLineParser] parsing argument
[2021-11-19 15:38:54Z INFO CommandLineParser] HasArgs: True
[2021-11-19 15:38:54Z INFO CommandLineParser] arg: token
[2021-11-19 15:38:54Z INFO CommandLineParser] parsing argument
[2021-11-19 15:38:54Z INFO CommandLineParser] HasArgs: True
[2021-11-19 15:38:54Z INFO CommandLineParser] Adding option 'token': '***'
[2021-11-19 15:38:54Z INFO Listener] Arguments parsed
[2021-11-19 15:38:54Z INFO Runner] ExecuteCommand
[2021-11-19 15:38:54Z INFO ConfigurationStore] currentAssemblyLocation: D:\GitHub\freepoll\actions-runner\bin\Runner.Listener.dll
[2021-11-19 15:38:54Z INFO HostContext] Well known directory 'Bin': 'D:\GitHub\freepoll\actions-runner\bin'
[2021-11-19 15:38:54Z INFO ConfigurationStore] binPath: D:\GitHub\freepoll\actions-runner\bin
[2021-11-19 15:38:54Z INFO HostContext] Well known directory 'Bin': 'D:\GitHub\freepoll\actions-runner\bin'
[2021-11-19 15:38:54Z INFO HostContext] Well known directory 'Root': 'D:\GitHub\freepoll\actions-runner'
[2021-11-19 15:38:54Z INFO ConfigurationStore] RootFolder: D:\GitHub\freepoll\actions-runner
[2021-11-19 15:38:54Z INFO HostContext] Well known directory 'Bin': 'D:\GitHub\freepoll\actions-runner\bin'
[2021-11-19 15:38:54Z INFO HostContext] Well known directory 'Root': 'D:\GitHub\freepoll\actions-runner'
[2021-11-19 15:38:54Z INFO HostContext] Well known config file 'Runner': 'D:\GitHub\freepoll\actions-runner\.runner'
[2021-11-19 15:38:54Z INFO ConfigurationStore] ConfigFilePath: D:\GitHub\freepoll\actions-runner\.runner
[2021-11-19 15:38:54Z INFO HostContext] Well known directory 'Bin': 'D:\GitHub\freepoll\actions-runner\bin'
[2021-11-19 15:38:54Z INFO HostContext] Well known directory 'Root': 'D:\GitHub\freepoll\actions-runner'
[2021-11-19 15:38:54Z INFO HostContext] Well known config file 'Credentials': 'D:\GitHub\freepoll\actions-runner\.credentials'
[2021-11-19 15:38:54Z INFO ConfigurationStore] CredFilePath: D:\GitHub\freepoll\actions-runner\.credentials
[2021-11-19 15:38:54Z INFO HostContext] Well known directory 'Bin': 'D:\GitHub\freepoll\actions-runner\bin'
[2021-11-19 15:38:54Z INFO HostContext] Well known directory 'Root': 'D:\GitHub\freepoll\actions-runner'
[2021-11-19 15:38:54Z INFO HostContext] Well known config file 'MigratedCredentials': 'D:\GitHub\freepoll\actions-runner\.credentials_migrated'
[2021-11-19 15:38:54Z INFO ConfigurationStore] MigratedCredFilePath: D:\GitHub\freepoll\actions-runner\.credentials_migrated
[2021-11-19 15:38:54Z INFO HostContext] Well known directory 'Bin': 'D:\GitHub\freepoll\actions-runner\bin'
[2021-11-19 15:38:54Z INFO HostContext] Well known directory 'Root': 'D:\GitHub\freepoll\actions-runner'
[2021-11-19 15:38:54Z INFO HostContext] Well known config file 'Service': 'D:\GitHub\freepoll\actions-runner\.service'
[2021-11-19 15:38:54Z INFO ConfigurationStore] ServiceConfigFilePath: D:\GitHub\freepoll\actions-runner\.service
[2021-11-19 15:38:54Z INFO CommandSettings] Flag 'help': 'False'
[2021-11-19 15:38:54Z INFO CommandSettings] Flag 'version': 'False'
[2021-11-19 15:38:54Z INFO CommandSettings] Flag 'commit': 'False'
[2021-11-19 15:38:54Z INFO CommandSettings] Flag 'check': 'False'
[2021-11-19 15:38:54Z INFO CommandSettings] Command 'configure': 'True'
[2021-11-19 15:38:54Z INFO Terminal] WRITE LINE: 
[2021-11-19 15:38:54Z INFO Terminal] WRITE LINE: --------------------------------------------------------------------------------
[2021-11-19 15:38:54Z INFO Terminal] WRITE LINE: |        ____ _ _   _   _       _          _        _   _                      |
[2021-11-19 15:38:54Z INFO Terminal] WRITE LINE: |       / ___(_) |_| | | |_   _| |__      / \   ___| |_(_) ___  _ __  ___      |
[2021-11-19 15:38:54Z INFO Terminal] WRITE LINE: |      | |  _| | __| |_| | | | | '_ \    / _ \ / __| __| |/ _ \| '_ \/ __|     |
[2021-11-19 15:38:54Z INFO Terminal] WRITE LINE: |      | |_| | | |_|  _  | |_| | |_) |  / ___ \ (__| |_| | (_) | | | \__ \     |
[2021-11-19 15:38:54Z INFO Terminal] WRITE LINE: |       \____|_|\__|_| |_|\__,_|_.__/  /_/   \_\___|\__|_|\___/|_| |_|___/     |
[2021-11-19 15:38:54Z INFO Terminal] WRITE LINE: |                                                                              |
[2021-11-19 15:38:54Z INFO Terminal] WRITE: |                       
[2021-11-19 15:38:54Z INFO Terminal] WRITE: Self-hosted runner registration
[2021-11-19 15:38:54Z INFO Terminal] WRITE LINE:                         |
[2021-11-19 15:38:54Z INFO Terminal] WRITE LINE: |                                                                              |
[2021-11-19 15:38:54Z INFO Terminal] WRITE LINE: --------------------------------------------------------------------------------
[2021-11-19 15:38:54Z INFO ConfigurationManager] ConfigureAsync
[2021-11-19 15:38:54Z INFO ConfigurationStore] IsConfigured()
[2021-11-19 15:38:54Z INFO ConfigurationStore] IsConfigured: True
[2021-11-19 15:38:54Z INFO ConfigurationManager] Is configured: True
[2021-11-19 15:38:54Z ERR  Runner] System.InvalidOperationException: Cannot configure the runner because it is already configured. To reconfigure the runner, run 'config.cmd remove' or './config.sh remove' first.
   at GitHub.Runner.Listener.Configuration.ConfigurationManager.ConfigureAsync(CommandSettings command)
   at GitHub.Runner.Listener.Runner.ExecuteCommand(CommandSettings command)
[2021-11-19 15:38:54Z ERR  Terminal] WRITE ERROR: Cannot configure the runner because it is already configured. To reconfigure the runner, run 'config.cmd remove' or './config.sh remove' first.
[2021-11-19 15:38:54Z INFO Listener] Runner execution has finished with return code 1
