[2021-11-19 15:39:02Z INFO HostContext] No proxy settings were found based on environmental variables (http_proxy/https_proxy/HTTP_PROXY/HTTPS_PROXY)
[2021-11-19 15:39:02Z INFO HostContext] Well known directory 'Bin': 'D:\GitHub\freepoll\actions-runner\bin'
[2021-11-19 15:39:02Z INFO HostContext] Well known directory 'Root': 'D:\GitHub\freepoll\actions-runner'
[2021-11-19 15:39:02Z INFO HostContext] Well known config file 'Credentials': 'D:\GitHub\freepoll\actions-runner\.credentials'
[2021-11-19 15:39:02Z INFO Listener] Runner is built for Windows (X64) - win-x64.
[2021-11-19 15:39:02Z INFO Listener] RuntimeInformation: Microsoft Windows 10.0.21996.
[2021-11-19 15:39:02Z INFO Listener] Version: 2.284.0
[2021-11-19 15:39:02Z INFO Listener] Commit: 9027c154d05776c16f6df6c0345bc9ec20440ebe
[2021-11-19 15:39:02Z INFO Listener] Culture: en-IN
[2021-11-19 15:39:02Z INFO Listener] UI Culture: en-US
[2021-11-19 15:39:02Z INFO HostContext] Well known directory 'Bin': 'D:\GitHub\freepoll\actions-runner\bin'
[2021-11-19 15:39:02Z INFO HostContext] Well known directory 'Root': 'D:\GitHub\freepoll\actions-runner'
[2021-11-19 15:39:02Z INFO Listener] Validating directory permissions for: 'D:\GitHub\freepoll\actions-runner'
[2021-11-19 15:39:02Z INFO CommandLineParser] Parse
[2021-11-19 15:39:02Z INFO CommandLineParser] Parsing 1 args
[2021-11-19 15:39:02Z INFO CommandLineParser] parsing argument
[2021-11-19 15:39:02Z INFO CommandLineParser] HasArgs: False
[2021-11-19 15:39:02Z INFO CommandLineParser] Adding Command: run
[2021-11-19 15:39:02Z INFO Listener] Arguments parsed
[2021-11-19 15:39:02Z INFO Runner] ExecuteCommand
[2021-11-19 15:39:02Z INFO ConfigurationStore] currentAssemblyLocation: D:\GitHub\freepoll\actions-runner\bin\Runner.Listener.dll
[2021-11-19 15:39:02Z INFO HostContext] Well known directory 'Bin': 'D:\GitHub\freepoll\actions-runner\bin'
[2021-11-19 15:39:02Z INFO ConfigurationStore] binPath: D:\GitHub\freepoll\actions-runner\bin
[2021-11-19 15:39:02Z INFO HostContext] Well known directory 'Bin': 'D:\GitHub\freepoll\actions-runner\bin'
[2021-11-19 15:39:02Z INFO HostContext] Well known directory 'Root': 'D:\GitHub\freepoll\actions-runner'
[2021-11-19 15:39:02Z INFO ConfigurationStore] RootFolder: D:\GitHub\freepoll\actions-runner
[2021-11-19 15:39:02Z INFO HostContext] Well known directory 'Bin': 'D:\GitHub\freepoll\actions-runner\bin'
[2021-11-19 15:39:02Z INFO HostContext] Well known directory 'Root': 'D:\GitHub\freepoll\actions-runner'
[2021-11-19 15:39:02Z INFO HostContext] Well known config file 'Runner': 'D:\GitHub\freepoll\actions-runner\.runner'
[2021-11-19 15:39:02Z INFO ConfigurationStore] ConfigFilePath: D:\GitHub\freepoll\actions-runner\.runner
[2021-11-19 15:39:02Z INFO HostContext] Well known directory 'Bin': 'D:\GitHub\freepoll\actions-runner\bin'
[2021-11-19 15:39:02Z INFO HostContext] Well known directory 'Root': 'D:\GitHub\freepoll\actions-runner'
[2021-11-19 15:39:02Z INFO HostContext] Well known config file 'Credentials': 'D:\GitHub\freepoll\actions-runner\.credentials'
[2021-11-19 15:39:02Z INFO ConfigurationStore] CredFilePath: D:\GitHub\freepoll\actions-runner\.credentials
[2021-11-19 15:39:02Z INFO HostContext] Well known directory 'Bin': 'D:\GitHub\freepoll\actions-runner\bin'
[2021-11-19 15:39:02Z INFO HostContext] Well known directory 'Root': 'D:\GitHub\freepoll\actions-runner'
[2021-11-19 15:39:02Z INFO HostContext] Well known config file 'MigratedCredentials': 'D:\GitHub\freepoll\actions-runner\.credentials_migrated'
[2021-11-19 15:39:02Z INFO ConfigurationStore] MigratedCredFilePath: D:\GitHub\freepoll\actions-runner\.credentials_migrated
[2021-11-19 15:39:02Z INFO HostContext] Well known directory 'Bin': 'D:\GitHub\freepoll\actions-runner\bin'
[2021-11-19 15:39:02Z INFO HostContext] Well known directory 'Root': 'D:\GitHub\freepoll\actions-runner'
[2021-11-19 15:39:02Z INFO HostContext] Well known config file 'Service': 'D:\GitHub\freepoll\actions-runner\.service'
[2021-11-19 15:39:02Z INFO ConfigurationStore] ServiceConfigFilePath: D:\GitHub\freepoll\actions-runner\.service
[2021-11-19 15:39:02Z INFO CommandSettings] Flag 'help': 'False'
[2021-11-19 15:39:02Z INFO CommandSettings] Flag 'version': 'False'
[2021-11-19 15:39:02Z INFO CommandSettings] Flag 'commit': 'False'
[2021-11-19 15:39:02Z INFO CommandSettings] Flag 'check': 'False'
[2021-11-19 15:39:02Z INFO CommandSettings] Command 'configure': 'False'
[2021-11-19 15:39:02Z INFO CommandSettings] Command 'remove': 'False'
[2021-11-19 15:39:02Z INFO CommandSettings] Command 'warmup': 'False'
[2021-11-19 15:39:02Z INFO ConfigurationManager] LoadSettings
[2021-11-19 15:39:02Z INFO ConfigurationStore] IsConfigured()
[2021-11-19 15:39:02Z INFO ConfigurationStore] IsConfigured: True
[2021-11-19 15:39:02Z INFO ConfigurationManager] Is configured: True
[2021-11-19 15:39:02Z INFO ConfigurationStore] Read setting file: 292 chars
[2021-11-19 15:39:02Z INFO ConfigurationManager] Settings Loaded
[2021-11-19 15:39:02Z INFO ConfigurationStore] IsServiceConfigured()
[2021-11-19 15:39:02Z INFO ConfigurationStore] IsServiceConfigured: False
[2021-11-19 15:39:02Z INFO CommandSettings] Command 'run': 'True'
[2021-11-19 15:39:02Z INFO ConfigurationStore] IsConfigured()
[2021-11-19 15:39:02Z INFO ConfigurationStore] IsConfigured: True
[2021-11-19 15:39:02Z INFO ConfigurationManager] Is configured: True
[2021-11-19 15:39:02Z INFO Runner] Could not parse the argument value '' for StartupType. Defaulting to Manual
[2021-11-19 15:39:02Z INFO Runner] Set runner startup type - Manual
[2021-11-19 15:39:02Z INFO CommandSettings] Flag 'once': 'False'
[2021-11-19 15:39:02Z INFO CommandSettings] Flag 'once': 'False'
[2021-11-19 15:39:02Z INFO Runner] RunAsync
[2021-11-19 15:39:02Z INFO ConfigurationManager] LoadSettings
[2021-11-19 15:39:02Z INFO ConfigurationStore] IsConfigured()
[2021-11-19 15:39:02Z INFO ConfigurationStore] IsConfigured: True
[2021-11-19 15:39:02Z INFO ConfigurationManager] Is configured: True
[2021-11-19 15:39:02Z INFO ConfigurationManager] Settings Loaded
[2021-11-19 15:39:02Z INFO MessageListener] {
  "AgentId": 2,
  "AgentName": "VAMSI-PC",
  "PoolId": 1,
  "PoolName": "Default",
  "ServerUrl": "https://pipelines.actions.githubusercontent.com/nEGAMVXS1OpXVsR4x8AMC5LpmvXOMUa6WDzg4aZllDvWAS29UH",
  "GitHubUrl": "https://github.com/ballavamsi/freepoll",
  "WorkFolder": "_work"
}
[2021-11-19 15:39:02Z INFO MessageListener] Loading Credentials
[2021-11-19 15:39:02Z INFO ConfigurationStore] HasCredentials()
[2021-11-19 15:39:02Z INFO ConfigurationStore] stored True
[2021-11-19 15:39:02Z INFO CredentialManager] GetCredentialProvider
[2021-11-19 15:39:02Z INFO CredentialManager] Creating type OAuth
[2021-11-19 15:39:02Z INFO CredentialManager] Creating credential type: OAuth
[2021-11-19 15:39:02Z INFO HostContext] Well known directory 'Bin': 'D:\GitHub\freepoll\actions-runner\bin'
[2021-11-19 15:39:02Z INFO HostContext] Well known directory 'Root': 'D:\GitHub\freepoll\actions-runner'
[2021-11-19 15:39:02Z INFO HostContext] Well known config file 'RSACredentials': 'D:\GitHub\freepoll\actions-runner\.credentials_rsaparams'
[2021-11-19 15:39:02Z INFO RSAEncryptedFileKeyManager] Loading RSA key parameters from file D:\GitHub\freepoll\actions-runner\.credentials_rsaparams
[2021-11-19 15:39:02Z INFO MessageListener] Attempt to create session.
[2021-11-19 15:39:02Z INFO MessageListener] Connecting to the Runner Server...
[2021-11-19 15:39:02Z INFO RunnerServer] Establish connection with 100 seconds timeout.
[2021-11-19 15:39:02Z INFO GitHubActionsService] Starting operation Location.GetConnectionData
[2021-11-19 15:39:02Z INFO RunnerServer] Establish connection with 60 seconds timeout.
[2021-11-19 15:39:02Z INFO GitHubActionsService] Starting operation Location.GetConnectionData
[2021-11-19 15:39:02Z INFO RunnerServer] Establish connection with 60 seconds timeout.
[2021-11-19 15:39:02Z INFO GitHubActionsService] Starting operation Location.GetConnectionData
[2021-11-19 15:39:02Z INFO GitHubActionsService] Finished operation Location.GetConnectionData
[2021-11-19 15:39:03Z INFO GitHubActionsService] Finished operation Location.GetConnectionData
[2021-11-19 15:39:03Z INFO GitHubActionsService] Finished operation Location.GetConnectionData
[2021-11-19 15:39:03Z INFO MessageListener] VssConnection created
[2021-11-19 15:39:03Z INFO Terminal] WRITE LINE: 
[2021-11-19 15:39:03Z INFO Terminal] WRITE LINE: 
[2021-11-19 15:39:03Z WARN GitHubActionsService] Authentication failed with status code 401.
WWW-Authenticate: Bearer
Strict-Transport-Security: max-age=2592000
X-TFS-ProcessId: f9b7e6fd-3f2b-4dea-8aad-646ef5c17fc6
ActivityId: 7f99aa00-0790-46aa-8e90-1fcbe2caf816
X-TFS-Session: 08dd9d75-a54b-46f9-b26e-ef9773cb5235
X-VSS-E2EID: 864017c1-9d2a-460b-bfda-ffa48cd95e8a
X-VSS-SenderDeploymentId: 13a19993-c6bc-326c-afb4-32c5519f46f0
X-TFS-ServiceError: The+user+%27System%3aPublicAccess%3baaaaaaaa-aaaa-aaaa-aaaa-aaaaaaaaaaaa%27+is+not+authorized+to+access+this+resource.
X-VSS-S2STargetService: 0000005A-0000-8888-8000-000000000000/visualstudio.com
X-Cache: CONFIG_NOCACHE
X-MSEdge-Ref: Ref A: 2E3DA355B2174B4690684B110C32D14B Ref B: MAA01EDGE0513 Ref C: 2021-11-19T15:39:04Z
Date: Fri, 19 Nov 2021 15:39:04 GMT

[2021-11-19 15:39:03Z INFO RSAEncryptedFileKeyManager] Loading RSA key parameters from file D:\GitHub\freepoll\actions-runner\.credentials_rsaparams
[2021-11-19 15:39:03Z INFO RSAEncryptedFileKeyManager] Loading RSA key parameters from file D:\GitHub\freepoll\actions-runner\.credentials_rsaparams
[2021-11-19 15:39:04Z INFO GitHubActionsService] AAD Correlation ID for this token request: Unknown
[2021-11-19 15:39:05Z INFO MessageListener] Session created.
[2021-11-19 15:39:05Z INFO Terminal] WRITE LINE: Current runner version: '2.284.0'
[2021-11-19 15:39:05Z INFO Terminal] WRITE LINE: 2021-11-19 15:39:05Z: Listening for Jobs
[2021-11-19 15:39:05Z INFO JobDispatcher] Set runner/worker IPC timeout to 30 seconds.
